2024-02-13 17:13:32 - root - INFO - This is an informational message.
2024-02-13 17:13:32 - root - ERROR - This is an error message.
2024-02-13 17:13:33 - ShopBotLogger - INFO - Starting bot...
2024-02-13 17:13:33 - httpx - INFO - HTTP Request: POST https://api.telegram.org/bot6498122288:AAEwLtSx9AeMnXMt5VeWlzpx3csNF-MUCd4/getMe "HTTP/1.1 200 OK"
2024-02-13 17:13:33 - httpx - INFO - HTTP Request: POST https://api.telegram.org/bot6498122288:AAEwLtSx9AeMnXMt5VeWlzpx3csNF-MUCd4/deleteWebhook "HTTP/1.1 200 OK"
2024-02-13 17:13:33 - telegram.ext.Application - INFO - Application started
2024-02-13 17:13:44 - httpx - INFO - HTTP Request: POST https://api.telegram.org/bot6498122288:AAEwLtSx9AeMnXMt5VeWlzpx3csNF-MUCd4/getUpdates "HTTP/1.1 200 OK"
2024-02-13 17:13:54 - httpx - INFO - HTTP Request: POST https://api.telegram.org/bot6498122288:AAEwLtSx9AeMnXMt5VeWlzpx3csNF-MUCd4/getUpdates "HTTP/1.1 200 OK"
2024-02-13 17:14:04 - httpx - INFO - HTTP Request: POST https://api.telegram.org/bot6498122288:AAEwLtSx9AeMnXMt5VeWlzpx3csNF-MUCd4/getUpdates "HTTP/1.1 200 OK"
2024-02-13 17:14:14 - httpx - INFO - HTTP Request: POST https://api.telegram.org/bot6498122288:AAEwLtSx9AeMnXMt5VeWlzpx3csNF-MUCd4/getUpdates "HTTP/1.1 200 OK"
2024-02-13 17:14:24 - httpx - INFO - HTTP Request: POST https://api.telegram.org/bot6498122288:AAEwLtSx9AeMnXMt5VeWlzpx3csNF-MUCd4/getUpdates "HTTP/1.1 200 OK"
2024-02-13 17:14:34 - httpx - INFO - HTTP Request: POST https://api.telegram.org/bot6498122288:AAEwLtSx9AeMnXMt5VeWlzpx3csNF-MUCd4/getUpdates "HTTP/1.1 200 OK"
2024-02-13 17:14:44 - httpx - INFO - HTTP Request: POST https://api.telegram.org/bot6498122288:AAEwLtSx9AeMnXMt5VeWlzpx3csNF-MUCd4/getUpdates "HTTP/1.1 200 OK"
2024-02-13 17:14:54 - httpx - INFO - HTTP Request: POST https://api.telegram.org/bot6498122288:AAEwLtSx9AeMnXMt5VeWlzpx3csNF-MUCd4/getUpdates "HTTP/1.1 200 OK"
2024-02-13 17:15:05 - httpx - INFO - HTTP Request: POST https://api.telegram.org/bot6498122288:AAEwLtSx9AeMnXMt5VeWlzpx3csNF-MUCd4/getUpdates "HTTP/1.1 200 OK"
2024-02-13 17:15:05 - httpx - INFO - HTTP Request: POST https://api.telegram.org/bot6498122288:AAEwLtSx9AeMnXMt5VeWlzpx3csNF-MUCd4/getUpdates "HTTP/1.1 200 OK"
2024-02-13 17:15:06 - httpx - INFO - HTTP Request: POST https://api.telegram.org/bot6498122288:AAEwLtSx9AeMnXMt5VeWlzpx3csNF-MUCd4/sendMessage "HTTP/1.1 200 OK"
2024-02-13 17:15:15 - httpx - INFO - HTTP Request: POST https://api.telegram.org/bot6498122288:AAEwLtSx9AeMnXMt5VeWlzpx3csNF-MUCd4/getUpdates "HTTP/1.1 200 OK"
2024-02-13 17:15:15 - httpx - INFO - HTTP Request: POST https://api.telegram.org/bot6498122288:AAEwLtSx9AeMnXMt5VeWlzpx3csNF-MUCd4/sendMessage "HTTP/1.1 200 OK"
2024-02-13 17:15:25 - httpx - INFO - HTTP Request: POST https://api.telegram.org/bot6498122288:AAEwLtSx9AeMnXMt5VeWlzpx3csNF-MUCd4/getUpdates "HTTP/1.1 200 OK"
2024-02-13 17:15:35 - httpx - INFO - HTTP Request: POST https://api.telegram.org/bot6498122288:AAEwLtSx9AeMnXMt5VeWlzpx3csNF-MUCd4/getUpdates "HTTP/1.1 200 OK"
2024-02-13 17:15:45 - httpx - INFO - HTTP Request: POST https://api.telegram.org/bot6498122288:AAEwLtSx9AeMnXMt5VeWlzpx3csNF-MUCd4/getUpdates "HTTP/1.1 200 OK"
2024-02-13 17:15:55 - httpx - INFO - HTTP Request: POST https://api.telegram.org/bot6498122288:AAEwLtSx9AeMnXMt5VeWlzpx3csNF-MUCd4/getUpdates "HTTP/1.1 200 OK"
2024-02-13 17:16:06 - httpx - INFO - HTTP Request: POST https://api.telegram.org/bot6498122288:AAEwLtSx9AeMnXMt5VeWlzpx3csNF-MUCd4/getUpdates "HTTP/1.1 200 OK"
2024-02-13 17:16:16 - httpx - INFO - HTTP Request: POST https://api.telegram.org/bot6498122288:AAEwLtSx9AeMnXMt5VeWlzpx3csNF-MUCd4/getUpdates "HTTP/1.1 200 OK"
2024-02-13 17:16:26 - httpx - INFO - HTTP Request: POST https://api.telegram.org/bot6498122288:AAEwLtSx9AeMnXMt5VeWlzpx3csNF-MUCd4/getUpdates "HTTP/1.1 200 OK"
2024-02-13 17:16:31 - httpx - INFO - HTTP Request: POST https://api.telegram.org/bot6498122288:AAEwLtSx9AeMnXMt5VeWlzpx3csNF-MUCd4/getUpdates "HTTP/1.1 200 OK"
2024-02-13 17:16:31 - telegram.ext.Application - INFO - Application is stopping. This might take a moment.
2024-02-13 17:16:31 - telegram.ext.Application - INFO - Application.stop() complete
